********************************************************************************
DUPLICATOR-LITE PACKAGE-LOG: December 28, 2022 10:34 am
NOTICE: Do NOT post to public sites or forums 
********************************************************************************
VERSION:	1.5.1
WORDPRESS:	6.1.1
PHP INFO:	8.1.12 | SAPI: apache2handler
SERVER:		Apache/2.4.54 (Win64) OpenSSL/1.1.1p PHP/8.1.12 
PHP TIME LIMIT: (0) no time limit imposed 
PHP MAX MEMORY: 4294967296 (512M default) 
MEMORY STACK: 76MB

********************************************************************************
DATABASE:
********************************************************************************
BUILD MODE:   MYSQLDUMP
MYSQLTIMEOUT: 5000
MYSQLDUMP:    Is Supported
SQL CREATED: 20221228_ecommerce_694e19a7212796e09095_20221228103241_database.sql
SQL FILE SIZE: 1.26MB (1318769)
SQL FILE TIME: 2022-12-28 10:34:49
SQL RUNTIME: 3.81 sec.

********************************************************************************
ARCHIVE (ZIP):
********************************************************************************
ARCHIVE DIR:  C:/xampp/htdocs/beginning/e-commerce
ARCHIVE FILE: 20221228_ecommerce_694e19a7212796e09095_20221228103241_archive.zip
FILTERS: *OFF*
DIRS:
	not set
FILES:
	not set
EXTS:  not set
----------------------------------------
COMPRESSING
SIZE:	139.1MB
STATS:	Dirs 1,957 | Files 11,172
SQL ADDED: 20221228_ecommerce_694e19a7212796e09095_20221228103241_database.sql
ZipArchive Object
(
    [lastId] => 13128
    [status] => 0
    [statusSys] => 0
    [numFiles] => 13129
    [filename] => C:\xampp\htdocs\beginning\e-commerce\wp-content\backups-dup-lite\tmp\20221228_ecommerce_694e19a7212796e09095_20221228103241_archive.zip
    [comment] => 
)

FILE ADDED TO ZIP: 13128
COMPRESSION RESULT: '1'
COMPRESSED SIZE: 57.23MB
ARCHIVE RUNTIME: 188.68 sec.
MEMORY STACK: 80MB
building installer
ARCHIVE CONSISTENCY TEST: PASS

********************************************************************************
INTEGRITY CHECKS:
********************************************************************************
SQL FILE: 1.26MB
INSTALLER FILE: 73.35KB
ARCHIVE FILE: 59.2MB 
EXPECTED FILE/DIRECTORY COUNT: 13,129
ACTUAL FILE/DIRECTORY COUNT: 13,128
ARCHIVE CONSISTENCY TEST: Pass

********************************************************************************
RECORD ID:[1]
TOTAL PROCESS RUNTIME: 195.67 sec.
PEAK PHP MEMORY USED: 82MB
DONE PROCESSING => 20221228_ecommerce December 28, 2022 10:38 am

